{"/Users/ff_antony/Documents/examples/hello-cats/src/api/cat/cat.resolver.ts": {"path":"/Users/ff_antony/Documents/examples/hello-cats/src/api/cat/cat.resolver.ts","statementMap":{"0":{"start":{"line":1,"column":0},"end":{"line":1,"column":91}},"1":{"start":{"line":2,"column":0},"end":{"line":2,"column":51}},"2":{"start":{"line":4,"column":0},"end":{"line":4,"column":34}},"3":{"start":{"line":5,"column":0},"end":{"line":5,"column":41}},"4":{"start":{"line":6,"column":0},"end":{"line":6,"column":43}},"5":{"start":{"line":7,"column":0},"end":{"line":7,"column":56}},"6":{"start":{"line":9,"column":0},"end":{"line":9,"column":52}},"7":{"start":{"line":11,"column":0},"end":{"line":11,"column":82}},"8":{"start":{"line":15,"column":0},"end":{"line":47,"column":null}},"9":{"start":{"line":16,"column":31},"end":{"line":16,"column":43}},"10":{"start":{"line":20,"column":4},"end":{"line":20,"column":44}},"11":{"start":{"line":25,"column":16},"end":{"line":25,"column":47}},"12":{"start":{"line":26,"column":4},"end":{"line":28,"column":null}},"13":{"start":{"line":27,"column":6},"end":{"line":27,"column":38}},"14":{"start":{"line":29,"column":4},"end":{"line":29,"column":15}},"15":{"start":{"line":34,"column":4},"end":{"line":34,"column":40}},"16":{"start":{"line":39,"column":4},"end":{"line":39,"column":38}},"17":{"start":{"line":44,"column":19},"end":{"line":44,"column":64}},"18":{"start":{"line":45,"column":4},"end":{"line":45,"column":26}},"19":{"start":{"line":19,"column":2},"end":{"line":21,"column":null}},"20":{"start":{"line":18,"column":15},"end":{"line":18,"column":20}},"21":{"start":{"line":24,"column":2},"end":{"line":30,"column":null}},"22":{"start":{"line":23,"column":15},"end":{"line":23,"column":18}},"23":{"start":{"line":33,"column":2},"end":{"line":35,"column":null}},"24":{"start":{"line":32,"column":18},"end":{"line":32,"column":21}},"25":{"start":{"line":38,"column":2},"end":{"line":40,"column":null}},"26":{"start":{"line":37,"column":18},"end":{"line":37,"column":25}},"27":{"start":{"line":43,"column":2},"end":{"line":46,"column":null}},"28":{"start":{"line":42,"column":25},"end":{"line":42,"column":30}},"29":{"start":{"line":15,"column":13},"end":{"line":47,"column":null}},"30":{"start":{"line":14,"column":16},"end":{"line":14,"column":19}},"31":{"start":{"line":15,"column":13},"end":{"line":15,"column":24}}},"fnMap":{"0":{"name":"(anonymous_11)","decl":{"start":{"line":16,"column":2},"end":{"line":16,"column":31}},"loc":{"start":{"line":16,"column":53},"end":{"line":16,"column":57}}},"1":{"name":"(anonymous_12)","decl":{"start":{"line":19,"column":9},"end":{"line":19,"column":13}},"loc":{"start":{"line":19,"column":38},"end":{"line":21,"column":3}}},"2":{"name":"(anonymous_13)","decl":{"start":{"line":24,"column":9},"end":{"line":24,"column":12}},"loc":{"start":{"line":24,"column":35},"end":{"line":30,"column":3}}},"3":{"name":"(anonymous_14)","decl":{"start":{"line":33,"column":9},"end":{"line":33,"column":18}},"loc":{"start":{"line":33,"column":53},"end":{"line":35,"column":3}}},"4":{"name":"(anonymous_15)","decl":{"start":{"line":38,"column":9},"end":{"line":38,"column":18}},"loc":{"start":{"line":38,"column":41},"end":{"line":40,"column":3}}},"5":{"name":"(anonymous_16)","decl":{"start":{"line":43,"column":8},"end":{"line":43,"column":13}},"loc":{"start":{"line":43,"column":80},"end":{"line":46,"column":null}}},"6":{"name":"(anonymous_18)","decl":{"start":{"line":18,"column":9},"end":{"line":18,"column":11}},"loc":{"start":{"line":18,"column":15},"end":{"line":18,"column":20}}},"7":{"name":"(anonymous_19)","decl":{"start":{"line":23,"column":9},"end":{"line":23,"column":11}},"loc":{"start":{"line":23,"column":15},"end":{"line":23,"column":18}}},"8":{"name":"(anonymous_20)","decl":{"start":{"line":32,"column":12},"end":{"line":32,"column":14}},"loc":{"start":{"line":32,"column":18},"end":{"line":32,"column":21}}},"9":{"name":"(anonymous_21)","decl":{"start":{"line":37,"column":12},"end":{"line":37,"column":14}},"loc":{"start":{"line":37,"column":18},"end":{"line":37,"column":25}}},"10":{"name":"(anonymous_22)","decl":{"start":{"line":42,"column":19},"end":{"line":42,"column":22}},"loc":{"start":{"line":42,"column":25},"end":{"line":42,"column":30}}},"11":{"name":"(anonymous_23)","decl":{"start":{"line":14,"column":10},"end":{"line":14,"column":12}},"loc":{"start":{"line":14,"column":16},"end":{"line":14,"column":19}}}},"branchMap":{"0":{"loc":{"start":{"line":26,"column":4},"end":{"line":28,"column":null}},"type":"if","locations":[{"start":{"line":26,"column":4},"end":{"line":28,"column":null}},{"start":{"line":26,"column":4},"end":{"line":28,"column":null}}]},"1":{"loc":{"start":{"line":44,"column":46},"end":{"line":44,"column":57}},"type":"binary-expr","locations":[{"start":{"line":44,"column":46},"end":{"line":44,"column":57}},{"start":{"line":44,"column":61},"end":{"line":44,"column":63}}]}},"s":{"0":2,"1":2,"2":2,"3":2,"4":2,"5":2,"6":2,"7":2,"8":2,"9":2,"10":0,"11":0,"12":0,"13":0,"14":0,"15":0,"16":0,"17":0,"18":0,"19":2,"20":0,"21":2,"22":0,"23":2,"24":0,"25":2,"26":0,"27":2,"28":0,"29":2,"30":4,"31":2},"f":{"0":2,"1":0,"2":0,"3":0,"4":0,"5":0,"6":0,"7":0,"8":0,"9":0,"10":0,"11":4},"b":{"0":[0,0],"1":[0,0]}}
,"/Users/ff_antony/Documents/examples/hello-cats/src/api/cat/cat.service.ts": {"path":"/Users/ff_antony/Documents/examples/hello-cats/src/api/cat/cat.service.ts","statementMap":{"0":{"start":{"line":1,"column":0},"end":{"line":1,"column":37}},"1":{"start":{"line":2,"column":0},"end":{"line":2,"column":44}},"2":{"start":{"line":3,"column":0},"end":{"line":3,"column":51}},"3":{"start":{"line":7,"column":0},"end":{"line":7,"column":77}},"4":{"start":{"line":11,"column":0},"end":{"line":37,"column":null}},"5":{"start":{"line":14,"column":21},"end":{"line":14,"column":36}},"6":{"start":{"line":17,"column":9},"end":{"line":19,"column":4}},"7":{"start":{"line":17,"column":42},"end":{"line":19,"column":4}},"8":{"start":{"line":18,"column":4},"end":{"line":18,"column":46}},"9":{"start":{"line":21,"column":9},"end":{"line":23,"column":4}},"10":{"start":{"line":21,"column":62},"end":{"line":23,"column":4}},"11":{"start":{"line":22,"column":4},"end":{"line":22,"column":43}},"12":{"start":{"line":25,"column":9},"end":{"line":27,"column":4}},"13":{"start":{"line":25,"column":63},"end":{"line":27,"column":4}},"14":{"start":{"line":26,"column":4},"end":{"line":26,"column":54}},"15":{"start":{"line":29,"column":9},"end":{"line":31,"column":4}},"16":{"start":{"line":29,"column":58},"end":{"line":31,"column":4}},"17":{"start":{"line":30,"column":4},"end":{"line":30,"column":48}},"18":{"start":{"line":33,"column":9},"end":{"line":36,"column":4}},"19":{"start":{"line":33,"column":57},"end":{"line":36,"column":4}},"20":{"start":{"line":34,"column":21},"end":{"line":34,"column":60}},"21":{"start":{"line":35,"column":4},"end":{"line":35,"column":35}},"22":{"start":{"line":11,"column":13},"end":{"line":37,"column":null}},"23":{"start":{"line":11,"column":13},"end":{"line":11,"column":23}}},"fnMap":{"0":{"name":"(anonymous_11)","decl":{"start":{"line":12,"column":2},"end":{"line":12,"column":null}},"loc":{"start":{"line":14,"column":57},"end":{"line":15,"column":6}}},"1":{"name":"(anonymous_12)","decl":{"start":{"line":17,"column":17},"end":{"line":17,"column":24}},"loc":{"start":{"line":17,"column":42},"end":{"line":19,"column":4}}},"2":{"name":"(anonymous_13)","decl":{"start":{"line":17,"column":42},"end":{"line":17,"column":null}},"loc":{"start":{"line":17,"column":42},"end":{"line":19,"column":3}}},"3":{"name":"(anonymous_14)","decl":{"start":{"line":21,"column":19},"end":{"line":21,"column":26}},"loc":{"start":{"line":21,"column":62},"end":{"line":23,"column":4}}},"4":{"name":"(anonymous_15)","decl":{"start":{"line":21,"column":62},"end":{"line":21,"column":null}},"loc":{"start":{"line":21,"column":62},"end":{"line":23,"column":3}}},"5":{"name":"(anonymous_16)","decl":{"start":{"line":25,"column":18},"end":{"line":25,"column":25}},"loc":{"start":{"line":25,"column":63},"end":{"line":27,"column":4}}},"6":{"name":"(anonymous_17)","decl":{"start":{"line":25,"column":63},"end":{"line":25,"column":null}},"loc":{"start":{"line":25,"column":63},"end":{"line":27,"column":3}}},"7":{"name":"(anonymous_18)","decl":{"start":{"line":29,"column":23},"end":{"line":29,"column":30}},"loc":{"start":{"line":29,"column":58},"end":{"line":31,"column":4}}},"8":{"name":"(anonymous_19)","decl":{"start":{"line":29,"column":58},"end":{"line":29,"column":null}},"loc":{"start":{"line":29,"column":58},"end":{"line":31,"column":3}}},"9":{"name":"(anonymous_20)","decl":{"start":{"line":33,"column":18},"end":{"line":33,"column":25}},"loc":{"start":{"line":33,"column":57},"end":{"line":36,"column":4}}},"10":{"name":"(anonymous_21)","decl":{"start":{"line":33,"column":57},"end":{"line":33,"column":null}},"loc":{"start":{"line":33,"column":57},"end":{"line":36,"column":3}}}},"branchMap":{},"s":{"0":4,"1":4,"2":4,"3":4,"4":4,"5":2,"6":2,"7":0,"8":0,"9":2,"10":0,"11":0,"12":2,"13":0,"14":0,"15":2,"16":0,"17":0,"18":2,"19":0,"20":0,"21":0,"22":4,"23":4},"f":{"0":2,"1":0,"2":0,"3":0,"4":0,"5":0,"6":0,"7":0,"8":0,"9":0,"10":0},"b":{}}
,"/Users/ff_antony/Documents/examples/hello-cats/src/api/cat/dto/cat.args.ts": {"path":"/Users/ff_antony/Documents/examples/hello-cats/src/api/cat/dto/cat.args.ts","statementMap":{"0":{"start":{"line":1,"column":0},"end":{"line":1,"column":43}},"1":{"start":{"line":2,"column":0},"end":{"line":2,"column":52}},"2":{"start":{"line":5,"column":0},"end":{"line":14,"column":null}},"3":{"start":{"line":8,"column":2},"end":{"line":8,"column":19}},"4":{"start":{"line":13,"column":2},"end":{"line":13,"column":20}},"5":{"start":{"line":8,"column":2},"end":{"line":8,"column":null}},"6":{"start":{"line":6,"column":17},"end":{"line":6,"column":20}},"7":{"start":{"line":13,"column":2},"end":{"line":13,"column":null}},"8":{"start":{"line":10,"column":17},"end":{"line":10,"column":20}},"9":{"start":{"line":5,"column":13},"end":{"line":14,"column":null}},"10":{"start":{"line":5,"column":13},"end":{"line":5,"column":20}}},"fnMap":{"0":{"name":"(anonymous_2)","decl":{"start":{"line":5,"column":0},"end":{"line":5,"column":13}},"loc":{"start":{"line":5,"column":0},"end":{"line":14,"column":1}}},"1":{"name":"(anonymous_3)","decl":{"start":{"line":6,"column":9},"end":{"line":6,"column":13}},"loc":{"start":{"line":6,"column":17},"end":{"line":6,"column":20}}},"2":{"name":"(anonymous_4)","decl":{"start":{"line":10,"column":9},"end":{"line":10,"column":13}},"loc":{"start":{"line":10,"column":17},"end":{"line":10,"column":20}}}},"branchMap":{},"s":{"0":2,"1":2,"2":2,"3":0,"4":0,"5":2,"6":0,"7":2,"8":0,"9":2,"10":2},"f":{"0":0,"1":0,"2":0},"b":{}}
,"/Users/ff_antony/Documents/examples/hello-cats/src/api/cat/dto/create-cat.input.ts": {"path":"/Users/ff_antony/Documents/examples/hello-cats/src/api/cat/dto/create-cat.input.ts","statementMap":{"0":{"start":{"line":1,"column":0},"end":{"line":1,"column":44}},"1":{"start":{"line":2,"column":0},"end":{"line":2,"column":48}},"2":{"start":{"line":5,"column":0},"end":{"line":9,"column":null}},"3":{"start":{"line":8,"column":2},"end":{"line":8,"column":null}},"4":{"start":{"line":5,"column":13},"end":{"line":9,"column":null}},"5":{"start":{"line":5,"column":13},"end":{"line":5,"column":27}}},"fnMap":{},"branchMap":{},"s":{"0":2,"1":2,"2":2,"3":2,"4":2,"5":2},"f":{},"b":{}}
,"/Users/ff_antony/Documents/examples/hello-cats/src/api/cat/model/cat.ts": {"path":"/Users/ff_antony/Documents/examples/hello-cats/src/api/cat/model/cat.ts","statementMap":{"0":{"start":{"line":1,"column":0},"end":{"line":1,"column":53}},"1":{"start":{"line":2,"column":0},"end":{"line":2,"column":48}},"2":{"start":{"line":5,"column":0},"end":{"line":17,"column":null}},"3":{"start":{"line":7,"column":2},"end":{"line":7,"column":null}},"4":{"start":{"line":6,"column":17},"end":{"line":6,"column":19}},"5":{"start":{"line":10,"column":2},"end":{"line":10,"column":null}},"6":{"start":{"line":9,"column":17},"end":{"line":9,"column":23}},"7":{"start":{"line":13,"column":2},"end":{"line":13,"column":null}},"8":{"start":{"line":12,"column":17},"end":{"line":12,"column":23}},"9":{"start":{"line":16,"column":2},"end":{"line":16,"column":null}},"10":{"start":{"line":15,"column":17},"end":{"line":15,"column":22}},"11":{"start":{"line":5,"column":13},"end":{"line":17,"column":null}},"12":{"start":{"line":5,"column":13},"end":{"line":5,"column":16}}},"fnMap":{"0":{"name":"(anonymous_2)","decl":{"start":{"line":6,"column":9},"end":{"line":6,"column":13}},"loc":{"start":{"line":6,"column":17},"end":{"line":6,"column":19}}},"1":{"name":"(anonymous_3)","decl":{"start":{"line":9,"column":9},"end":{"line":9,"column":13}},"loc":{"start":{"line":9,"column":17},"end":{"line":9,"column":23}}},"2":{"name":"(anonymous_4)","decl":{"start":{"line":12,"column":9},"end":{"line":12,"column":13}},"loc":{"start":{"line":12,"column":17},"end":{"line":12,"column":23}}},"3":{"name":"(anonymous_5)","decl":{"start":{"line":15,"column":9},"end":{"line":15,"column":13}},"loc":{"start":{"line":15,"column":17},"end":{"line":15,"column":22}}}},"branchMap":{},"s":{"0":4,"1":4,"2":4,"3":4,"4":0,"5":4,"6":0,"7":4,"8":0,"9":4,"10":0,"11":4,"12":4},"f":{"0":0,"1":0,"2":0,"3":0},"b":{}}
,"/Users/ff_antony/Documents/examples/hello-cats/src/api/cat/test/cat.module.mock.ts": {"path":"/Users/ff_antony/Documents/examples/hello-cats/src/api/cat/test/cat.module.mock.ts","statementMap":{"0":{"start":{"line":1,"column":0},"end":{"line":1,"column":53}},"1":{"start":{"line":2,"column":0},"end":{"line":2,"column":39}},"2":{"start":{"line":4,"column":0},"end":{"line":4,"column":67}},"3":{"start":{"line":5,"column":0},"end":{"line":5,"column":44}},"4":{"start":{"line":6,"column":0},"end":{"line":6,"column":46}},"5":{"start":{"line":8,"column":0},"end":{"line":18,"column":3}}},"fnMap":{},"branchMap":{},"s":{"0":2,"1":2,"2":2,"3":2,"4":2,"5":2},"f":{},"b":{}}
,"/Users/ff_antony/Documents/examples/hello-cats/src/api/human/human.resolver.ts": {"path":"/Users/ff_antony/Documents/examples/hello-cats/src/api/human/human.resolver.ts","statementMap":{"0":{"start":{"line":1,"column":0},"end":{"line":1,"column":null}},"1":{"start":{"line":9,"column":0},"end":{"line":9,"column":51}},"2":{"start":{"line":11,"column":0},"end":{"line":11,"column":38}},"3":{"start":{"line":12,"column":0},"end":{"line":12,"column":45}},"4":{"start":{"line":13,"column":0},"end":{"line":13,"column":54}},"5":{"start":{"line":14,"column":0},"end":{"line":14,"column":60}},"6":{"start":{"line":16,"column":0},"end":{"line":16,"column":39}},"7":{"start":{"line":19,"column":0},"end":{"line":19,"column":84}},"8":{"start":{"line":22,"column":0},"end":{"line":56,"column":null}},"9":{"start":{"line":23,"column":31},"end":{"line":23,"column":45}},"10":{"start":{"line":26,"column":4},"end":{"line":26,"column":48}},"11":{"start":{"line":31,"column":16},"end":{"line":31,"column":49}},"12":{"start":{"line":32,"column":4},"end":{"line":34,"column":null}},"13":{"start":{"line":33,"column":6},"end":{"line":33,"column":38}},"14":{"start":{"line":35,"column":4},"end":{"line":35,"column":15}},"15":{"start":{"line":40,"column":4},"end":{"line":40,"column":42}},"16":{"start":{"line":45,"column":4},"end":{"line":45,"column":40}},"17":{"start":{"line":53,"column":17},"end":{"line":53,"column":57}},"18":{"start":{"line":54,"column":4},"end":{"line":54,"column":16}},"19":{"start":{"line":25,"column":2},"end":{"line":27,"column":null}},"20":{"start":{"line":24,"column":15},"end":{"line":24,"column":22}},"21":{"start":{"line":30,"column":2},"end":{"line":36,"column":null}},"22":{"start":{"line":29,"column":15},"end":{"line":29,"column":20}},"23":{"start":{"line":39,"column":2},"end":{"line":41,"column":null}},"24":{"start":{"line":38,"column":18},"end":{"line":38,"column":23}},"25":{"start":{"line":44,"column":2},"end":{"line":46,"column":null}},"26":{"start":{"line":43,"column":18},"end":{"line":43,"column":25}},"27":{"start":{"line":49,"column":2},"end":{"line":55,"column":null}},"28":{"start":{"line":48,"column":25},"end":{"line":48,"column":28}},"29":{"start":{"line":22,"column":13},"end":{"line":56,"column":null}},"30":{"start":{"line":21,"column":16},"end":{"line":21,"column":21}},"31":{"start":{"line":22,"column":13},"end":{"line":22,"column":26}}},"fnMap":{"0":{"name":"(anonymous_11)","decl":{"start":{"line":23,"column":2},"end":{"line":23,"column":31}},"loc":{"start":{"line":23,"column":57},"end":{"line":23,"column":61}}},"1":{"name":"(anonymous_12)","decl":{"start":{"line":25,"column":9},"end":{"line":25,"column":15}},"loc":{"start":{"line":25,"column":44},"end":{"line":27,"column":3}}},"2":{"name":"(anonymous_13)","decl":{"start":{"line":30,"column":9},"end":{"line":30,"column":14}},"loc":{"start":{"line":30,"column":37},"end":{"line":36,"column":3}}},"3":{"name":"(anonymous_14)","decl":{"start":{"line":39,"column":9},"end":{"line":39,"column":20}},"loc":{"start":{"line":39,"column":57},"end":{"line":41,"column":3}}},"4":{"name":"(anonymous_15)","decl":{"start":{"line":44,"column":9},"end":{"line":44,"column":20}},"loc":{"start":{"line":44,"column":43},"end":{"line":46,"column":3}}},"5":{"name":"(anonymous_16)","decl":{"start":{"line":49,"column":8},"end":{"line":49,"column":12}},"loc":{"start":{"line":51,"column":48},"end":{"line":55,"column":null}}},"6":{"name":"(anonymous_18)","decl":{"start":{"line":24,"column":9},"end":{"line":24,"column":11}},"loc":{"start":{"line":24,"column":15},"end":{"line":24,"column":22}}},"7":{"name":"(anonymous_19)","decl":{"start":{"line":29,"column":9},"end":{"line":29,"column":11}},"loc":{"start":{"line":29,"column":15},"end":{"line":29,"column":20}}},"8":{"name":"(anonymous_20)","decl":{"start":{"line":38,"column":12},"end":{"line":38,"column":14}},"loc":{"start":{"line":38,"column":18},"end":{"line":38,"column":23}}},"9":{"name":"(anonymous_21)","decl":{"start":{"line":43,"column":12},"end":{"line":43,"column":14}},"loc":{"start":{"line":43,"column":18},"end":{"line":43,"column":25}}},"10":{"name":"(anonymous_22)","decl":{"start":{"line":48,"column":19},"end":{"line":48,"column":22}},"loc":{"start":{"line":48,"column":25},"end":{"line":48,"column":28}}},"11":{"name":"(anonymous_23)","decl":{"start":{"line":21,"column":10},"end":{"line":21,"column":12}},"loc":{"start":{"line":21,"column":16},"end":{"line":21,"column":21}}}},"branchMap":{"0":{"loc":{"start":{"line":32,"column":4},"end":{"line":34,"column":null}},"type":"if","locations":[{"start":{"line":32,"column":4},"end":{"line":34,"column":null}},{"start":{"line":32,"column":4},"end":{"line":34,"column":null}}]},"1":{"loc":{"start":{"line":53,"column":42},"end":{"line":53,"column":50}},"type":"binary-expr","locations":[{"start":{"line":53,"column":42},"end":{"line":53,"column":50}},{"start":{"line":53,"column":54},"end":{"line":53,"column":56}}]}},"s":{"0":2,"1":2,"2":2,"3":2,"4":2,"5":2,"6":2,"7":2,"8":2,"9":2,"10":0,"11":0,"12":0,"13":0,"14":0,"15":0,"16":0,"17":0,"18":0,"19":2,"20":0,"21":2,"22":0,"23":2,"24":0,"25":2,"26":0,"27":2,"28":0,"29":2,"30":4,"31":2},"f":{"0":2,"1":0,"2":0,"3":0,"4":0,"5":0,"6":0,"7":0,"8":0,"9":0,"10":0,"11":4},"b":{"0":[0,0],"1":[0,0]}}
,"/Users/ff_antony/Documents/examples/hello-cats/src/api/human/human.service.ts": {"path":"/Users/ff_antony/Documents/examples/hello-cats/src/api/human/human.service.ts","statementMap":{"0":{"start":{"line":1,"column":0},"end":{"line":1,"column":37}},"1":{"start":{"line":2,"column":0},"end":{"line":2,"column":44}},"2":{"start":{"line":3,"column":0},"end":{"line":3,"column":51}},"3":{"start":{"line":8,"column":0},"end":{"line":8,"column":83}},"4":{"start":{"line":11,"column":0},"end":{"line":37,"column":null}},"5":{"start":{"line":14,"column":21},"end":{"line":14,"column":38}},"6":{"start":{"line":17,"column":9},"end":{"line":19,"column":4}},"7":{"start":{"line":17,"column":42},"end":{"line":19,"column":4}},"8":{"start":{"line":18,"column":4},"end":{"line":18,"column":48}},"9":{"start":{"line":21,"column":9},"end":{"line":23,"column":4}},"10":{"start":{"line":21,"column":66},"end":{"line":23,"column":4}},"11":{"start":{"line":22,"column":4},"end":{"line":22,"column":45}},"12":{"start":{"line":25,"column":9},"end":{"line":27,"column":4}},"13":{"start":{"line":25,"column":67},"end":{"line":27,"column":4}},"14":{"start":{"line":26,"column":4},"end":{"line":26,"column":56}},"15":{"start":{"line":29,"column":9},"end":{"line":31,"column":4}},"16":{"start":{"line":29,"column":60},"end":{"line":31,"column":4}},"17":{"start":{"line":30,"column":4},"end":{"line":30,"column":50}},"18":{"start":{"line":33,"column":9},"end":{"line":36,"column":4}},"19":{"start":{"line":33,"column":57},"end":{"line":36,"column":4}},"20":{"start":{"line":34,"column":21},"end":{"line":34,"column":62}},"21":{"start":{"line":35,"column":4},"end":{"line":35,"column":35}},"22":{"start":{"line":11,"column":13},"end":{"line":37,"column":null}},"23":{"start":{"line":11,"column":13},"end":{"line":11,"column":25}}},"fnMap":{"0":{"name":"(anonymous_11)","decl":{"start":{"line":12,"column":2},"end":{"line":12,"column":null}},"loc":{"start":{"line":14,"column":61},"end":{"line":15,"column":6}}},"1":{"name":"(anonymous_12)","decl":{"start":{"line":17,"column":17},"end":{"line":17,"column":24}},"loc":{"start":{"line":17,"column":42},"end":{"line":19,"column":4}}},"2":{"name":"(anonymous_13)","decl":{"start":{"line":17,"column":42},"end":{"line":17,"column":null}},"loc":{"start":{"line":17,"column":42},"end":{"line":19,"column":3}}},"3":{"name":"(anonymous_14)","decl":{"start":{"line":21,"column":19},"end":{"line":21,"column":26}},"loc":{"start":{"line":21,"column":66},"end":{"line":23,"column":4}}},"4":{"name":"(anonymous_15)","decl":{"start":{"line":21,"column":66},"end":{"line":21,"column":null}},"loc":{"start":{"line":21,"column":66},"end":{"line":23,"column":3}}},"5":{"name":"(anonymous_16)","decl":{"start":{"line":25,"column":18},"end":{"line":25,"column":25}},"loc":{"start":{"line":25,"column":67},"end":{"line":27,"column":4}}},"6":{"name":"(anonymous_17)","decl":{"start":{"line":25,"column":67},"end":{"line":25,"column":null}},"loc":{"start":{"line":25,"column":67},"end":{"line":27,"column":3}}},"7":{"name":"(anonymous_18)","decl":{"start":{"line":29,"column":23},"end":{"line":29,"column":30}},"loc":{"start":{"line":29,"column":60},"end":{"line":31,"column":4}}},"8":{"name":"(anonymous_19)","decl":{"start":{"line":29,"column":60},"end":{"line":29,"column":null}},"loc":{"start":{"line":29,"column":60},"end":{"line":31,"column":3}}},"9":{"name":"(anonymous_20)","decl":{"start":{"line":33,"column":18},"end":{"line":33,"column":25}},"loc":{"start":{"line":33,"column":57},"end":{"line":36,"column":4}}},"10":{"name":"(anonymous_21)","decl":{"start":{"line":33,"column":57},"end":{"line":33,"column":null}},"loc":{"start":{"line":33,"column":57},"end":{"line":36,"column":3}}}},"branchMap":{},"s":{"0":4,"1":4,"2":4,"3":4,"4":4,"5":2,"6":2,"7":0,"8":0,"9":2,"10":0,"11":0,"12":2,"13":0,"14":0,"15":2,"16":0,"17":0,"18":2,"19":0,"20":0,"21":0,"22":4,"23":4},"f":{"0":2,"1":0,"2":0,"3":0,"4":0,"5":0,"6":0,"7":0,"8":0,"9":0,"10":0},"b":{}}
,"/Users/ff_antony/Documents/examples/hello-cats/src/api/human/dto/create-human.input.ts": {"path":"/Users/ff_antony/Documents/examples/hello-cats/src/api/human/dto/create-human.input.ts","statementMap":{"0":{"start":{"line":1,"column":0},"end":{"line":1,"column":44}},"1":{"start":{"line":2,"column":0},"end":{"line":2,"column":48}},"2":{"start":{"line":5,"column":0},"end":{"line":13,"column":null}},"3":{"start":{"line":8,"column":2},"end":{"line":8,"column":null}},"4":{"start":{"line":12,"column":2},"end":{"line":12,"column":null}},"5":{"start":{"line":5,"column":13},"end":{"line":13,"column":null}},"6":{"start":{"line":5,"column":13},"end":{"line":5,"column":29}}},"fnMap":{},"branchMap":{},"s":{"0":2,"1":2,"2":2,"3":2,"4":2,"5":2,"6":2},"f":{},"b":{}}
,"/Users/ff_antony/Documents/examples/hello-cats/src/api/human/dto/human.args.ts": {"path":"/Users/ff_antony/Documents/examples/hello-cats/src/api/human/dto/human.args.ts","statementMap":{"0":{"start":{"line":1,"column":0},"end":{"line":1,"column":43}},"1":{"start":{"line":2,"column":0},"end":{"line":2,"column":52}},"2":{"start":{"line":5,"column":0},"end":{"line":14,"column":null}},"3":{"start":{"line":8,"column":2},"end":{"line":8,"column":19}},"4":{"start":{"line":13,"column":2},"end":{"line":13,"column":20}},"5":{"start":{"line":8,"column":2},"end":{"line":8,"column":null}},"6":{"start":{"line":6,"column":17},"end":{"line":6,"column":20}},"7":{"start":{"line":13,"column":2},"end":{"line":13,"column":null}},"8":{"start":{"line":10,"column":17},"end":{"line":10,"column":20}},"9":{"start":{"line":5,"column":13},"end":{"line":14,"column":null}},"10":{"start":{"line":5,"column":13},"end":{"line":5,"column":22}}},"fnMap":{"0":{"name":"(anonymous_2)","decl":{"start":{"line":5,"column":0},"end":{"line":5,"column":13}},"loc":{"start":{"line":5,"column":0},"end":{"line":14,"column":1}}},"1":{"name":"(anonymous_3)","decl":{"start":{"line":6,"column":9},"end":{"line":6,"column":13}},"loc":{"start":{"line":6,"column":17},"end":{"line":6,"column":20}}},"2":{"name":"(anonymous_4)","decl":{"start":{"line":10,"column":9},"end":{"line":10,"column":13}},"loc":{"start":{"line":10,"column":17},"end":{"line":10,"column":20}}}},"branchMap":{},"s":{"0":2,"1":2,"2":2,"3":0,"4":0,"5":2,"6":0,"7":2,"8":0,"9":2,"10":2},"f":{"0":0,"1":0,"2":0},"b":{}}
,"/Users/ff_antony/Documents/examples/hello-cats/src/api/human/model/human.ts": {"path":"/Users/ff_antony/Documents/examples/hello-cats/src/api/human/model/human.ts","statementMap":{"0":{"start":{"line":1,"column":0},"end":{"line":1,"column":53}},"1":{"start":{"line":2,"column":0},"end":{"line":2,"column":42}},"2":{"start":{"line":5,"column":0},"end":{"line":17,"column":null}},"3":{"start":{"line":7,"column":2},"end":{"line":7,"column":null}},"4":{"start":{"line":6,"column":17},"end":{"line":6,"column":19}},"5":{"start":{"line":10,"column":2},"end":{"line":10,"column":null}},"6":{"start":{"line":9,"column":17},"end":{"line":9,"column":23}},"7":{"start":{"line":13,"column":2},"end":{"line":13,"column":null}},"8":{"start":{"line":12,"column":17},"end":{"line":12,"column":23}},"9":{"start":{"line":16,"column":2},"end":{"line":16,"column":null}},"10":{"start":{"line":15,"column":17},"end":{"line":15,"column":22}},"11":{"start":{"line":5,"column":13},"end":{"line":17,"column":null}},"12":{"start":{"line":5,"column":13},"end":{"line":5,"column":18}}},"fnMap":{"0":{"name":"(anonymous_2)","decl":{"start":{"line":6,"column":9},"end":{"line":6,"column":13}},"loc":{"start":{"line":6,"column":17},"end":{"line":6,"column":19}}},"1":{"name":"(anonymous_3)","decl":{"start":{"line":9,"column":9},"end":{"line":9,"column":13}},"loc":{"start":{"line":9,"column":17},"end":{"line":9,"column":23}}},"2":{"name":"(anonymous_4)","decl":{"start":{"line":12,"column":9},"end":{"line":12,"column":13}},"loc":{"start":{"line":12,"column":17},"end":{"line":12,"column":23}}},"3":{"name":"(anonymous_5)","decl":{"start":{"line":15,"column":9},"end":{"line":15,"column":13}},"loc":{"start":{"line":15,"column":17},"end":{"line":15,"column":22}}}},"branchMap":{},"s":{"0":4,"1":4,"2":4,"3":4,"4":0,"5":4,"6":0,"7":4,"8":0,"9":4,"10":0,"11":4,"12":4},"f":{"0":0,"1":0,"2":0,"3":0},"b":{}}
,"/Users/ff_antony/Documents/examples/hello-cats/src/api/human/test/human.module.mock.ts": {"path":"/Users/ff_antony/Documents/examples/hello-cats/src/api/human/test/human.module.mock.ts","statementMap":{"0":{"start":{"line":1,"column":0},"end":{"line":1,"column":53}},"1":{"start":{"line":2,"column":0},"end":{"line":2,"column":39}},"2":{"start":{"line":4,"column":0},"end":{"line":4,"column":73}},"3":{"start":{"line":5,"column":0},"end":{"line":5,"column":52}},"4":{"start":{"line":6,"column":0},"end":{"line":6,"column":48}},"5":{"start":{"line":8,"column":0},"end":{"line":18,"column":3}}},"fnMap":{},"branchMap":{},"s":{"0":2,"1":2,"2":2,"3":2,"4":2,"5":2},"f":{},"b":{}}
,"/Users/ff_antony/Documents/examples/hello-cats/src/shared/config/config.service.ts": {"path":"/Users/ff_antony/Documents/examples/hello-cats/src/shared/config/config.service.ts","statementMap":{"0":{"start":{"line":1,"column":0},"end":{"line":1,"column":33}},"1":{"start":{"line":2,"column":0},"end":{"line":2,"column":33}},"2":{"start":{"line":3,"column":0},"end":{"line":3,"column":25}},"3":{"start":{"line":6,"column":0},"end":{"line":6,"column":62}},"4":{"start":{"line":9,"column":0},"end":{"line":9,"column":46}},"5":{"start":{"line":26,"column":30},"end":{"line":26,"column":76}},"6":{"start":{"line":27,"column":4},"end":{"line":27,"column":48}},"7":{"start":{"line":29,"column":4},"end":{"line":29,"column":35}},"8":{"start":{"line":33,"column":4},"end":{"line":33,"column":36}},"9":{"start":{"line":37,"column":4},"end":{"line":37,"column":52}},"10":{"start":{"line":41,"column":20},"end":{"line":41,"column":24}},"11":{"start":{"line":43,"column":4},"end":{"line":46,"column":6}},"12":{"start":{"line":50,"column":20},"end":{"line":50,"column":24}},"13":{"start":{"line":52,"column":4},"end":{"line":62,"column":6}},"14":{"start":{"line":66,"column":44},"end":{"line":77,"column":6}},"15":{"start":{"line":79,"column":49},"end":{"line":79,"column":82}},"16":{"start":{"line":81,"column":4},"end":{"line":83,"column":null}},"17":{"start":{"line":82,"column":6},"end":{"line":82,"column":90}},"18":{"start":{"line":85,"column":4},"end":{"line":85,"column":30}},"19":{"start":{"line":22,"column":0},"end":{"line":22,"column":13}}},"fnMap":{"0":{"name":"(anonymous_0)","decl":{"start":{"line":25,"column":2},"end":{"line":25,"column":14}},"loc":{"start":{"line":25,"column":30},"end":{"line":30,"column":3}}},"1":{"name":"(anonymous_1)","decl":{"start":{"line":32,"column":9},"end":{"line":32,"column":12}},"loc":{"start":{"line":32,"column":33},"end":{"line":34,"column":3}}},"2":{"name":"(anonymous_2)","decl":{"start":{"line":36,"column":2},"end":{"line":36,"column":13}},"loc":{"start":{"line":36,"column":29},"end":{"line":38,"column":3}}},"3":{"name":"(anonymous_3)","decl":{"start":{"line":40,"column":2},"end":{"line":40,"column":13}},"loc":{"start":{"line":40,"column":20},"end":{"line":47,"column":3}}},"4":{"name":"(anonymous_4)","decl":{"start":{"line":49,"column":2},"end":{"line":49,"column":13}},"loc":{"start":{"line":49,"column":20},"end":{"line":63,"column":3}}},"5":{"name":"(anonymous_5)","decl":{"start":{"line":65,"column":10},"end":{"line":65,"column":23}},"loc":{"start":{"line":65,"column":44},"end":{"line":86,"column":3}}}},"branchMap":{"0":{"loc":{"start":{"line":81,"column":4},"end":{"line":83,"column":null}},"type":"if","locations":[{"start":{"line":81,"column":4},"end":{"line":83,"column":null}},{"start":{"line":81,"column":4},"end":{"line":83,"column":null}}]}},"s":{"0":1,"1":1,"2":1,"3":1,"4":1,"5":1,"6":1,"7":1,"8":0,"9":0,"10":0,"11":0,"12":0,"13":0,"14":1,"15":1,"16":1,"17":0,"18":1,"19":1},"f":{"0":1,"1":0,"2":0,"3":0,"4":0,"5":1},"b":{"0":[0,1]}}
,"/Users/ff_antony/Documents/examples/hello-cats/src/shared/config/test/config.module.mock.ts": {"path":"/Users/ff_antony/Documents/examples/hello-cats/src/shared/config/test/config.module.mock.ts","statementMap":{"0":{"start":{"line":1,"column":0},"end":{"line":1,"column":39}},"1":{"start":{"line":3,"column":0},"end":{"line":3,"column":52}},"2":{"start":{"line":5,"column":0},"end":{"line":12,"column":3}}},"fnMap":{},"branchMap":{"0":{"loc":{"start":{"line":9,"column":42},"end":{"line":9,"column":62}},"type":"binary-expr","locations":[{"start":{"line":9,"column":42},"end":{"line":9,"column":62}},{"start":{"line":9,"column":66},"end":{"line":9,"column":79}}]}},"s":{"0":1,"1":1,"2":1},"f":{},"b":{"0":[1,0]}}
,"/Users/ff_antony/Documents/examples/hello-cats/src/shared/datasource/entities.ts": {"path":"/Users/ff_antony/Documents/examples/hello-cats/src/shared/datasource/entities.ts","statementMap":{"0":{"start":{"line":1,"column":0},"end":{"line":1,"column":42}},"1":{"start":{"line":2,"column":0},"end":{"line":2,"column":46}},"2":{"start":{"line":4,"column":0},"end":{"line":4,"column":28}}},"fnMap":{},"branchMap":{},"s":{"0":1,"1":1,"2":1},"f":{},"b":{}}
,"/Users/ff_antony/Documents/examples/hello-cats/src/shared/datasource/models/cat.entity.ts": {"path":"/Users/ff_antony/Documents/examples/hello-cats/src/shared/datasource/models/cat.entity.ts","statementMap":{"0":{"start":{"line":1,"column":0},"end":{"line":1,"column":null}},"1":{"start":{"line":8,"column":0},"end":{"line":8,"column":39}},"2":{"start":{"line":11,"column":0},"end":{"line":26,"column":null}},"3":{"start":{"line":13,"column":2},"end":{"line":13,"column":null}},"4":{"start":{"line":16,"column":2},"end":{"line":16,"column":null}},"5":{"start":{"line":19,"column":2},"end":{"line":19,"column":null}},"6":{"start":{"line":25,"column":2},"end":{"line":25,"column":null}},"7":{"start":{"line":21,"column":19},"end":{"line":21,"column":24}},"8":{"start":{"line":21,"column":35},"end":{"line":21,"column":45}},"9":{"start":{"line":11,"column":13},"end":{"line":26,"column":null}},"10":{"start":{"line":11,"column":13},"end":{"line":11,"column":16}}},"fnMap":{"0":{"name":"(anonymous_2)","decl":{"start":{"line":21,"column":13},"end":{"line":21,"column":16}},"loc":{"start":{"line":21,"column":19},"end":{"line":21,"column":24}}},"1":{"name":"(anonymous_3)","decl":{"start":{"line":21,"column":26},"end":{"line":21,"column":31}},"loc":{"start":{"line":21,"column":35},"end":{"line":21,"column":45}}}},"branchMap":{},"s":{"0":5,"1":5,"2":5,"3":5,"4":5,"5":5,"6":5,"7":0,"8":0,"9":5,"10":5},"f":{"0":0,"1":0},"b":{}}
,"/Users/ff_antony/Documents/examples/hello-cats/src/shared/datasource/models/human.entity.ts": {"path":"/Users/ff_antony/Documents/examples/hello-cats/src/shared/datasource/models/human.entity.ts","statementMap":{"0":{"start":{"line":1,"column":0},"end":{"line":1,"column":76}},"1":{"start":{"line":3,"column":0},"end":{"line":3,"column":35}},"2":{"start":{"line":6,"column":0},"end":{"line":20,"column":null}},"3":{"start":{"line":8,"column":2},"end":{"line":8,"column":null}},"4":{"start":{"line":11,"column":2},"end":{"line":11,"column":null}},"5":{"start":{"line":14,"column":2},"end":{"line":14,"column":null}},"6":{"start":{"line":19,"column":2},"end":{"line":19,"column":null}},"7":{"start":{"line":16,"column":19},"end":{"line":16,"column":22}},"8":{"start":{"line":16,"column":31},"end":{"line":16,"column":40}},"9":{"start":{"line":6,"column":13},"end":{"line":20,"column":null}},"10":{"start":{"line":6,"column":13},"end":{"line":6,"column":18}}},"fnMap":{"0":{"name":"(anonymous_2)","decl":{"start":{"line":16,"column":13},"end":{"line":16,"column":16}},"loc":{"start":{"line":16,"column":19},"end":{"line":16,"column":22}}},"1":{"name":"(anonymous_3)","decl":{"start":{"line":16,"column":24},"end":{"line":16,"column":27}},"loc":{"start":{"line":16,"column":31},"end":{"line":16,"column":40}}}},"branchMap":{},"s":{"0":5,"1":5,"2":5,"3":5,"4":5,"5":5,"6":5,"7":0,"8":0,"9":5,"10":5},"f":{"0":0,"1":0},"b":{}}
,"/Users/ff_antony/Documents/examples/hello-cats/src/shared/modules/dataloader/dataloader.decorator.ts": {"path":"/Users/ff_antony/Documents/examples/hello-cats/src/shared/modules/dataloader/dataloader.decorator.ts","statementMap":{"0":{"start":{"line":1,"column":0},"end":{"line":1,"column":null}},"1":{"start":{"line":5,"column":0},"end":{"line":5,"column":47}},"2":{"start":{"line":6,"column":0},"end":{"line":6,"column":null}},"3":{"start":{"line":10,"column":13},"end":{"line":19,"column":2}},"4":{"start":{"line":12,"column":4},"end":{"line":16,"column":null}},"5":{"start":{"line":13,"column":6},"end":{"line":15,"column":8}},"6":{"start":{"line":17,"column":4},"end":{"line":17,"column":45}}},"fnMap":{"0":{"name":"(anonymous_0)","decl":{"start":{"line":11,"column":2},"end":{"line":11,"column":3}},"loc":{"start":{"line":11,"column":39},"end":{"line":18,"column":3}}}},"branchMap":{"0":{"loc":{"start":{"line":12,"column":4},"end":{"line":16,"column":null}},"type":"if","locations":[{"start":{"line":12,"column":4},"end":{"line":16,"column":null}},{"start":{"line":12,"column":4},"end":{"line":16,"column":null}}]}},"s":{"0":4,"1":4,"2":4,"3":4,"4":0,"5":0,"6":0},"f":{"0":0},"b":{"0":[0,0]}}
,"/Users/ff_antony/Documents/examples/hello-cats/src/shared/modules/dataloader/dataloader.interceptor.ts": {"path":"/Users/ff_antony/Documents/examples/hello-cats/src/shared/modules/dataloader/dataloader.interceptor.ts","statementMap":{"0":{"start":{"line":1,"column":0},"end":{"line":1,"column":92}},"1":{"start":{"line":2,"column":0},"end":{"line":2,"column":79}},"2":{"start":{"line":5,"column":0},"end":{"line":5,"column":57}},"3":{"start":{"line":7,"column":13},"end":{"line":7,"column":71}},"4":{"start":{"line":10,"column":0},"end":{"line":27,"column":null}},"5":{"start":{"line":11,"column":31},"end":{"line":11,"column":50}},"6":{"start":{"line":13,"column":61},"end":{"line":13,"column":96}},"7":{"start":{"line":15,"column":21},"end":{"line":15,"column":57}},"8":{"start":{"line":17,"column":4},"end":{"line":24,"column":null}},"9":{"start":{"line":18,"column":6},"end":{"line":23,"column":8}},"10":{"start":{"line":19,"column":8},"end":{"line":21,"column":null}},"11":{"start":{"line":20,"column":10},"end":{"line":20,"column":66}},"12":{"start":{"line":22,"column":8},"end":{"line":22,"column":30}},"13":{"start":{"line":25,"column":4},"end":{"line":25,"column":25}},"14":{"start":{"line":10,"column":13},"end":{"line":27,"column":null}},"15":{"start":{"line":10,"column":13},"end":{"line":10,"column":34}}},"fnMap":{"0":{"name":"(anonymous_2)","decl":{"start":{"line":11,"column":2},"end":{"line":11,"column":31}},"loc":{"start":{"line":11,"column":67},"end":{"line":11,"column":71}}},"1":{"name":"(anonymous_3)","decl":{"start":{"line":12,"column":2},"end":{"line":12,"column":11}},"loc":{"start":{"line":12,"column":56},"end":{"line":26,"column":3}}},"2":{"name":"(anonymous_4)","decl":{"start":{"line":18,"column":36},"end":{"line":18,"column":39}},"loc":{"start":{"line":18,"column":41},"end":{"line":23,"column":7}}}},"branchMap":{"0":{"loc":{"start":{"line":17,"column":4},"end":{"line":24,"column":null}},"type":"if","locations":[{"start":{"line":17,"column":4},"end":{"line":24,"column":null}},{"start":{"line":17,"column":4},"end":{"line":24,"column":null}}]},"1":{"loc":{"start":{"line":19,"column":8},"end":{"line":21,"column":null}},"type":"if","locations":[{"start":{"line":19,"column":8},"end":{"line":21,"column":null}},{"start":{"line":19,"column":8},"end":{"line":21,"column":null}}]}},"s":{"0":4,"1":4,"2":4,"3":4,"4":4,"5":0,"6":0,"7":0,"8":0,"9":0,"10":0,"11":0,"12":0,"13":0,"14":4,"15":4},"f":{"0":0,"1":0,"2":0},"b":{"0":[0,0],"1":[0,0]}}
,"/Users/ff_antony/Documents/examples/hello-cats/src/shared/modules/dataloader/dataloader.service.ts": {"path":"/Users/ff_antony/Documents/examples/hello-cats/src/shared/modules/dataloader/dataloader.service.ts","statementMap":{"0":{"start":{"line":1,"column":0},"end":{"line":1,"column":41}},"1":{"start":{"line":2,"column":0},"end":{"line":2,"column":44}},"2":{"start":{"line":8,"column":0},"end":{"line":8,"column":60}},"3":{"start":{"line":11,"column":0},"end":{"line":11,"column":66}},"4":{"start":{"line":14,"column":0},"end":{"line":45,"column":null}},"5":{"start":{"line":16,"column":21},"end":{"line":16,"column":33}},"6":{"start":{"line":17,"column":13},"end":{"line":17,"column":27}},"7":{"start":{"line":33,"column":9},"end":{"line":44,"column":4}},"8":{"start":{"line":34,"column":4},"end":{"line":43,"column":6}},"9":{"start":{"line":24,"column":4},"end":{"line":30,"column":7}},"10":{"start":{"line":24,"column":51},"end":{"line":30,"column":6}},"11":{"start":{"line":25,"column":23},"end":{"line":25,"column":42}},"12":{"start":{"line":27,"column":6},"end":{"line":29,"column":8}},"13":{"start":{"line":28,"column":8},"end":{"line":28,"column":62}},"14":{"start":{"line":28,"column":38},"end":{"line":28,"column":61}},"15":{"start":{"line":14,"column":13},"end":{"line":45,"column":null}},"16":{"start":{"line":14,"column":13},"end":{"line":14,"column":30}}},"fnMap":{"0":{"name":"(anonymous_9)","decl":{"start":{"line":15,"column":2},"end":{"line":15,"column":null}},"loc":{"start":{"line":17,"column":39},"end":{"line":18,"column":6}}},"1":{"name":"(anonymous_10)","decl":{"start":{"line":33,"column":25},"end":{"line":33,"column":41}},"loc":{"start":{"line":33,"column":43},"end":{"line":44,"column":3}}},"2":{"name":"(anonymous_11)","decl":{"start":{"line":20,"column":9},"end":{"line":20,"column":25}},"loc":{"start":{"line":23,"column":23},"end":{"line":31,"column":3}}},"3":{"name":"(anonymous_12)","decl":{"start":{"line":24,"column":26},"end":{"line":24,"column":33}},"loc":{"start":{"line":24,"column":51},"end":{"line":30,"column":6}}},"4":{"name":"(anonymous_13)","decl":{"start":{"line":24,"column":51},"end":{"line":24,"column":null}},"loc":{"start":{"line":24,"column":51},"end":{"line":30,"column":5}}},"5":{"name":"(anonymous_14)","decl":{"start":{"line":27,"column":22},"end":{"line":27,"column":23}},"loc":{"start":{"line":28,"column":8},"end":{"line":28,"column":62}}},"6":{"name":"(anonymous_15)","decl":{"start":{"line":28,"column":24},"end":{"line":28,"column":25}},"loc":{"start":{"line":28,"column":38},"end":{"line":28,"column":61}}}},"branchMap":{},"s":{"0":4,"1":4,"2":4,"3":4,"4":4,"5":0,"6":0,"7":0,"8":0,"9":0,"10":0,"11":0,"12":0,"13":0,"14":0,"15":4,"16":4},"f":{"0":0,"1":0,"2":0,"3":0,"4":0,"5":0,"6":0},"b":{}}
}
