TN:
SF:/Users/ff_antony/Documents/examples/hello-cats/src/api/cat/cat.resolver.ts
FN:16,(anonymous_11)
FN:19,(anonymous_12)
FN:24,(anonymous_13)
FN:33,(anonymous_14)
FN:38,(anonymous_15)
FN:43,(anonymous_16)
FN:18,(anonymous_18)
FN:23,(anonymous_19)
FN:32,(anonymous_20)
FN:37,(anonymous_21)
FN:42,(anonymous_22)
FN:14,(anonymous_23)
FNF:12
FNH:2
FNDA:2,(anonymous_11)
FNDA:0,(anonymous_12)
FNDA:0,(anonymous_13)
FNDA:0,(anonymous_14)
FNDA:0,(anonymous_15)
FNDA:0,(anonymous_16)
FNDA:0,(anonymous_18)
FNDA:0,(anonymous_19)
FNDA:0,(anonymous_20)
FNDA:0,(anonymous_21)
FNDA:0,(anonymous_22)
FNDA:4,(anonymous_23)
DA:1,2
DA:2,2
DA:4,2
DA:5,2
DA:6,2
DA:7,2
DA:9,2
DA:11,2
DA:14,4
DA:15,2
DA:16,2
DA:18,0
DA:19,2
DA:20,0
DA:23,0
DA:24,2
DA:25,0
DA:26,0
DA:27,0
DA:29,0
DA:32,0
DA:33,2
DA:34,0
DA:37,0
DA:38,2
DA:39,0
DA:42,0
DA:43,2
DA:44,0
DA:45,0
LF:30
LH:16
BRDA:26,0,0,0
BRDA:26,0,1,0
BRDA:44,1,0,0
BRDA:44,1,1,0
BRF:4
BRH:0
end_of_record
TN:
SF:/Users/ff_antony/Documents/examples/hello-cats/src/api/cat/cat.service.ts
FN:12,(anonymous_11)
FN:17,(anonymous_12)
FN:17,(anonymous_13)
FN:21,(anonymous_14)
FN:21,(anonymous_15)
FN:25,(anonymous_16)
FN:25,(anonymous_17)
FN:29,(anonymous_18)
FN:29,(anonymous_19)
FN:33,(anonymous_20)
FN:33,(anonymous_21)
FNF:11
FNH:1
FNDA:2,(anonymous_11)
FNDA:0,(anonymous_12)
FNDA:0,(anonymous_13)
FNDA:0,(anonymous_14)
FNDA:0,(anonymous_15)
FNDA:0,(anonymous_16)
FNDA:0,(anonymous_17)
FNDA:0,(anonymous_18)
FNDA:0,(anonymous_19)
FNDA:0,(anonymous_20)
FNDA:0,(anonymous_21)
DA:1,4
DA:2,4
DA:3,4
DA:7,4
DA:11,4
DA:14,2
DA:17,2
DA:18,0
DA:21,2
DA:22,0
DA:25,2
DA:26,0
DA:29,2
DA:30,0
DA:33,2
DA:34,0
DA:35,0
LF:17
LH:11
BRF:0
BRH:0
end_of_record
TN:
SF:/Users/ff_antony/Documents/examples/hello-cats/src/api/cat/dto/cat.args.ts
FN:5,(anonymous_2)
FN:6,(anonymous_3)
FN:10,(anonymous_4)
FNF:3
FNH:0
FNDA:0,(anonymous_2)
FNDA:0,(anonymous_3)
FNDA:0,(anonymous_4)
DA:1,2
DA:2,2
DA:5,2
DA:6,0
DA:8,2
DA:10,0
DA:13,2
LF:7
LH:5
BRF:0
BRH:0
end_of_record
TN:
SF:/Users/ff_antony/Documents/examples/hello-cats/src/api/cat/dto/create-cat.input.ts
FNF:0
FNH:0
DA:1,2
DA:2,2
DA:5,2
DA:8,2
LF:4
LH:4
BRF:0
BRH:0
end_of_record
TN:
SF:/Users/ff_antony/Documents/examples/hello-cats/src/api/cat/model/cat.ts
FN:6,(anonymous_2)
FN:9,(anonymous_3)
FN:12,(anonymous_4)
FN:15,(anonymous_5)
FNF:4
FNH:0
FNDA:0,(anonymous_2)
FNDA:0,(anonymous_3)
FNDA:0,(anonymous_4)
FNDA:0,(anonymous_5)
DA:1,4
DA:2,4
DA:5,4
DA:6,0
DA:7,4
DA:9,0
DA:10,4
DA:12,0
DA:13,4
DA:15,0
DA:16,4
LF:11
LH:7
BRF:0
BRH:0
end_of_record
TN:
SF:/Users/ff_antony/Documents/examples/hello-cats/src/api/cat/test/cat.module.mock.ts
FNF:0
FNH:0
DA:1,2
DA:2,2
DA:4,2
DA:5,2
DA:6,2
DA:8,2
LF:6
LH:6
BRF:0
BRH:0
end_of_record
TN:
SF:/Users/ff_antony/Documents/examples/hello-cats/src/api/human/human.resolver.ts
FN:23,(anonymous_11)
FN:25,(anonymous_12)
FN:30,(anonymous_13)
FN:39,(anonymous_14)
FN:44,(anonymous_15)
FN:49,(anonymous_16)
FN:24,(anonymous_18)
FN:29,(anonymous_19)
FN:38,(anonymous_20)
FN:43,(anonymous_21)
FN:48,(anonymous_22)
FN:21,(anonymous_23)
FNF:12
FNH:2
FNDA:2,(anonymous_11)
FNDA:0,(anonymous_12)
FNDA:0,(anonymous_13)
FNDA:0,(anonymous_14)
FNDA:0,(anonymous_15)
FNDA:0,(anonymous_16)
FNDA:0,(anonymous_18)
FNDA:0,(anonymous_19)
FNDA:0,(anonymous_20)
FNDA:0,(anonymous_21)
FNDA:0,(anonymous_22)
FNDA:4,(anonymous_23)
DA:1,2
DA:9,2
DA:11,2
DA:12,2
DA:13,2
DA:14,2
DA:16,2
DA:19,2
DA:21,4
DA:22,2
DA:23,2
DA:24,0
DA:25,2
DA:26,0
DA:29,0
DA:30,2
DA:31,0
DA:32,0
DA:33,0
DA:35,0
DA:38,0
DA:39,2
DA:40,0
DA:43,0
DA:44,2
DA:45,0
DA:48,0
DA:49,2
DA:53,0
DA:54,0
LF:30
LH:16
BRDA:32,0,0,0
BRDA:32,0,1,0
BRDA:53,1,0,0
BRDA:53,1,1,0
BRF:4
BRH:0
end_of_record
TN:
SF:/Users/ff_antony/Documents/examples/hello-cats/src/api/human/human.service.ts
FN:12,(anonymous_11)
FN:17,(anonymous_12)
FN:17,(anonymous_13)
FN:21,(anonymous_14)
FN:21,(anonymous_15)
FN:25,(anonymous_16)
FN:25,(anonymous_17)
FN:29,(anonymous_18)
FN:29,(anonymous_19)
FN:33,(anonymous_20)
FN:33,(anonymous_21)
FNF:11
FNH:1
FNDA:2,(anonymous_11)
FNDA:0,(anonymous_12)
FNDA:0,(anonymous_13)
FNDA:0,(anonymous_14)
FNDA:0,(anonymous_15)
FNDA:0,(anonymous_16)
FNDA:0,(anonymous_17)
FNDA:0,(anonymous_18)
FNDA:0,(anonymous_19)
FNDA:0,(anonymous_20)
FNDA:0,(anonymous_21)
DA:1,4
DA:2,4
DA:3,4
DA:8,4
DA:11,4
DA:14,2
DA:17,2
DA:18,0
DA:21,2
DA:22,0
DA:25,2
DA:26,0
DA:29,2
DA:30,0
DA:33,2
DA:34,0
DA:35,0
LF:17
LH:11
BRF:0
BRH:0
end_of_record
TN:
SF:/Users/ff_antony/Documents/examples/hello-cats/src/api/human/dto/create-human.input.ts
FNF:0
FNH:0
DA:1,2
DA:2,2
DA:5,2
DA:8,2
DA:12,2
LF:5
LH:5
BRF:0
BRH:0
end_of_record
TN:
SF:/Users/ff_antony/Documents/examples/hello-cats/src/api/human/dto/human.args.ts
FN:5,(anonymous_2)
FN:6,(anonymous_3)
FN:10,(anonymous_4)
FNF:3
FNH:0
FNDA:0,(anonymous_2)
FNDA:0,(anonymous_3)
FNDA:0,(anonymous_4)
DA:1,2
DA:2,2
DA:5,2
DA:6,0
DA:8,2
DA:10,0
DA:13,2
LF:7
LH:5
BRF:0
BRH:0
end_of_record
TN:
SF:/Users/ff_antony/Documents/examples/hello-cats/src/api/human/model/human.ts
FN:6,(anonymous_2)
FN:9,(anonymous_3)
FN:12,(anonymous_4)
FN:15,(anonymous_5)
FNF:4
FNH:0
FNDA:0,(anonymous_2)
FNDA:0,(anonymous_3)
FNDA:0,(anonymous_4)
FNDA:0,(anonymous_5)
DA:1,4
DA:2,4
DA:5,4
DA:6,0
DA:7,4
DA:9,0
DA:10,4
DA:12,0
DA:13,4
DA:15,0
DA:16,4
LF:11
LH:7
BRF:0
BRH:0
end_of_record
TN:
SF:/Users/ff_antony/Documents/examples/hello-cats/src/api/human/test/human.module.mock.ts
FNF:0
FNH:0
DA:1,2
DA:2,2
DA:4,2
DA:5,2
DA:6,2
DA:8,2
LF:6
LH:6
BRF:0
BRH:0
end_of_record
TN:
SF:/Users/ff_antony/Documents/examples/hello-cats/src/shared/config/config.service.ts
FN:25,(anonymous_0)
FN:32,(anonymous_1)
FN:36,(anonymous_2)
FN:40,(anonymous_3)
FN:49,(anonymous_4)
FN:65,(anonymous_5)
FNF:6
FNH:2
FNDA:1,(anonymous_0)
FNDA:0,(anonymous_1)
FNDA:0,(anonymous_2)
FNDA:0,(anonymous_3)
FNDA:0,(anonymous_4)
FNDA:1,(anonymous_5)
DA:1,1
DA:2,1
DA:3,1
DA:6,1
DA:9,1
DA:22,1
DA:26,1
DA:27,1
DA:29,1
DA:33,0
DA:37,0
DA:41,0
DA:43,0
DA:50,0
DA:52,0
DA:66,1
DA:79,1
DA:81,1
DA:82,0
DA:85,1
LF:20
LH:13
BRDA:81,0,0,0
BRDA:81,0,1,1
BRF:2
BRH:1
end_of_record
TN:
SF:/Users/ff_antony/Documents/examples/hello-cats/src/shared/config/test/config.module.mock.ts
FNF:0
FNH:0
DA:1,1
DA:3,1
DA:5,1
LF:3
LH:3
BRDA:9,0,0,1
BRDA:9,0,1,0
BRF:2
BRH:1
end_of_record
TN:
SF:/Users/ff_antony/Documents/examples/hello-cats/src/shared/datasource/entities.ts
FNF:0
FNH:0
DA:1,1
DA:2,1
DA:4,1
LF:3
LH:3
BRF:0
BRH:0
end_of_record
TN:
SF:/Users/ff_antony/Documents/examples/hello-cats/src/shared/datasource/models/cat.entity.ts
FN:21,(anonymous_2)
FN:21,(anonymous_3)
FNF:2
FNH:0
FNDA:0,(anonymous_2)
FNDA:0,(anonymous_3)
DA:1,5
DA:8,5
DA:11,5
DA:13,5
DA:16,5
DA:19,5
DA:21,0
DA:25,5
LF:8
LH:7
BRF:0
BRH:0
end_of_record
TN:
SF:/Users/ff_antony/Documents/examples/hello-cats/src/shared/datasource/models/human.entity.ts
FN:16,(anonymous_2)
FN:16,(anonymous_3)
FNF:2
FNH:0
FNDA:0,(anonymous_2)
FNDA:0,(anonymous_3)
DA:1,5
DA:3,5
DA:6,5
DA:8,5
DA:11,5
DA:14,5
DA:16,0
DA:19,5
LF:8
LH:7
BRF:0
BRH:0
end_of_record
TN:
SF:/Users/ff_antony/Documents/examples/hello-cats/src/shared/modules/dataloader/dataloader.decorator.ts
FN:11,(anonymous_0)
FNF:1
FNH:0
FNDA:0,(anonymous_0)
DA:1,4
DA:5,4
DA:6,4
DA:10,4
DA:12,0
DA:13,0
DA:17,0
LF:7
LH:4
BRDA:12,0,0,0
BRDA:12,0,1,0
BRF:2
BRH:0
end_of_record
TN:
SF:/Users/ff_antony/Documents/examples/hello-cats/src/shared/modules/dataloader/dataloader.interceptor.ts
FN:11,(anonymous_2)
FN:12,(anonymous_3)
FN:18,(anonymous_4)
FNF:3
FNH:0
FNDA:0,(anonymous_2)
FNDA:0,(anonymous_3)
FNDA:0,(anonymous_4)
DA:1,4
DA:2,4
DA:5,4
DA:7,4
DA:10,4
DA:11,0
DA:13,0
DA:15,0
DA:17,0
DA:18,0
DA:19,0
DA:20,0
DA:22,0
DA:25,0
LF:14
LH:5
BRDA:17,0,0,0
BRDA:17,0,1,0
BRDA:19,1,0,0
BRDA:19,1,1,0
BRF:4
BRH:0
end_of_record
TN:
SF:/Users/ff_antony/Documents/examples/hello-cats/src/shared/modules/dataloader/dataloader.service.ts
FN:15,(anonymous_9)
FN:33,(anonymous_10)
FN:20,(anonymous_11)
FN:24,(anonymous_12)
FN:24,(anonymous_13)
FN:27,(anonymous_14)
FN:28,(anonymous_15)
FNF:7
FNH:0
FNDA:0,(anonymous_9)
FNDA:0,(anonymous_10)
FNDA:0,(anonymous_11)
FNDA:0,(anonymous_12)
FNDA:0,(anonymous_13)
FNDA:0,(anonymous_14)
FNDA:0,(anonymous_15)
DA:1,4
DA:2,4
DA:8,4
DA:11,4
DA:14,4
DA:16,0
DA:17,0
DA:24,0
DA:25,0
DA:27,0
DA:28,0
DA:33,0
DA:34,0
LF:13
LH:5
BRF:0
BRH:0
end_of_record
